<?xml version="1.0" encoding="UTF-8"?><testsuite xsi:noNamespaceSchemaLocation="https://raw.githubusercontent.com/jenkinsci/xunit-plugin/ae25da5089d4f94ac6c4669bf736e4d416cc4665/src/main/resources/org/jenkinsci/plugins/xunit/types/model/xsd/junit-10.xsd" xmlns:xsi="http://www.w3.org/2001/XMLSchema-instance" name="omni" tests="40" failures="11" errors="0" time="92.091" skipped="3" timestamp="2023-03-27T08:46:16"><testcase name="testUnsafeAccess" time="1.474" classname="com.example.AdbActivityTest"><failure><![CDATA[java.lang.AssertionError: No access to adb port or device serial has been provided
	at com.malinskiy.adam.junit4.rule.AdbRule$apply$1.evaluate(AdbRule.kt:64)
	at org.junit.rules.ExternalResource$1.evaluate(ExternalResource.java:54)
	at org.junit.runners.ParentRunner$3.evaluate(ParentRunner.java:306)
	at org.junit.runners.BlockJUnit4ClassRunner$1.evaluate(BlockJUnit4ClassRunner.java:100)
	at org.junit.runners.ParentRunner.runLeaf(ParentRunner.java:366)
	at org.junit.runners.BlockJUnit4ClassRunner.runChild(BlockJUnit4ClassRunner.java:103)
	at org.junit.runners.BlockJUnit4ClassRunner.runChild(BlockJUnit4ClassRunner.java:63)
	at org.junit.runners.ParentRunner$4.run(ParentRunner.java:331)
	at org.junit.runners.ParentRunner$1.schedule(ParentRunner.java:79)
	at org.junit.runners.ParentRunner.runChildren(ParentRunner.java:329)
	at org.junit.runners.ParentRunner.access$100(ParentRunner.java:66)
	at org.junit.runners.ParentRunner$2.evaluate(ParentRunner.java:293)
	at org.junit.runners.ParentRunner$3.evaluate(ParentRunner.java:306)
	at org.junit.runners.ParentRunner.run(ParentRunner.java:413)
	at androidx.test.ext.junit.runners.AndroidJUnit4.run(AndroidJUnit4.java:162)
	at io.qameta.allure.android.runners.AllureAndroidJUnit4.run(AllureAndroidJUnitRunners.kt:29)
	at org.junit.runners.Suite.runChild(Suite.java:128)
	at org.junit.runners.Suite.runChild(Suite.java:27)
	at org.junit.runners.ParentRunner$4.run(ParentRunner.java:331)
	at org.junit.runners.ParentRunner$1.schedule(ParentRunner.java:79)
	at org.junit.runners.ParentRunner.runChildren(ParentRunner.java:329)
	at org.junit.runners.ParentRunner.access$100(ParentRunner.java:66)
	at org.junit.runners.ParentRunner$2.evaluate(ParentRunner.java:293)
	at org.junit.runners.ParentRunner$3.evaluate(ParentRunner.java:306)
	at org.junit.runners.ParentRunner.run(ParentRunner.java:413)
	at org.junit.runner.JUnitCore.run(JUnitCore.java:137)
	at org.junit.runner.JUnitCore.run(JUnitCore.java:115)
	at androidx.test.internal.runner.TestExecutor.execute(TestExecutor.java:67)
	at androidx.test.internal.runner.TestExecutor.execute(TestExecutor.java:58)
	at androidx.test.runner.AndroidJUnitRunner.onStart(AndroidJUnitRunner.java:446)
	at android.app.Instrumentation$InstrumentationThread.run(Instrumentation.java:2248)]]></failure></testcase><testcase name="testScreencapture" time="3.534" classname="com.example.ScreenshotTest"></testcase><testcase name="test" time="0.691" classname="com.example.ParameterizedTest"></testcase><testcase name="testText9" time="1.812" classname="com.example.MainActivityTest"></testcase><testcase name="testText8" time="1.84" classname="com.example.MainActivityTest"></testcase><testcase name="test" time="0.897" classname="com.example.NamedParameterizedTest"><failure></failure></testcase><testcase name="testText6" time="1.965" classname="com.example.MainActivityTest"></testcase><testcase name="testText7" time="1.772" classname="com.example.MainActivityTest"></testcase><testcase name="testText5" time="1.756" classname="com.example.MainActivityTest"></testcase><testcase name="testText4" time="1.854" classname="com.example.MainActivityTest"></testcase><testcase name="testText3" time="1.739" classname="com.example.MainActivityTest"></testcase><testcase name="testText1" time="1.744" classname="com.example.MainActivityTest"></testcase><testcase name="testText" time="1.82" classname="com.example.MainActivityTest"></testcase><testcase name="testText2" time="3.971" classname="com.example.MainActivityTest"></testcase><testcase name="testTextSlow4" time="6.361" classname="com.example.MainActivitySlowTest"></testcase><testcase name="testTextSlow3" time="6.238" classname="com.example.MainActivitySlowTest"></testcase><testcase name="testTextSlow2" time="6.151" classname="com.example.MainActivitySlowTest"></testcase><testcase name="testTextSlow1" time="6.128" classname="com.example.MainActivitySlowTest"></testcase><testcase name="testTextFlaky8" time="2.105" classname="com.example.MainActivityFlakyTest"></testcase><testcase name="testTextSlow" time="6.195" classname="com.example.MainActivitySlowTest"></testcase><testcase name="testTextFlaky7" time="1.521" classname="com.example.MainActivityFlakyTest"></testcase><testcase name="testTextFlaky6" time="1.551" classname="com.example.MainActivityFlakyTest"><failure><![CDATA[java.lang.AssertionError
	at org.junit.Assert.fail(Assert.java:87)
	at org.junit.Assert.assertTrue(Assert.java:42)
	at org.junit.Assert.assertTrue(Assert.java:53)
	at com.example.MainActivityFlakyTest.testTextFlaky6(MainActivityFlakyTest.kt:67)]]></failure></testcase><testcase name="testTextFlaky4" time="1.857" classname="com.example.MainActivityFlakyTest"></testcase><testcase name="testTextFlaky5" time="1.824" classname="com.example.MainActivityFlakyTest"><failure><![CDATA[java.lang.AssertionError
	at org.junit.Assert.fail(Assert.java:87)
	at org.junit.Assert.assertTrue(Assert.java:42)
	at org.junit.Assert.assertTrue(Assert.java:53)
	at com.example.MainActivityFlakyTest.testTextFlaky5(MainActivityFlakyTest.kt:61)]]></failure></testcase><testcase name="testTextFlaky3" time="1.931" classname="com.example.MainActivityFlakyTest"></testcase><testcase name="testTextFlaky2" time="2.363" classname="com.example.MainActivityFlakyTest"></testcase><testcase name="testTextFlaky1" time="2.212" classname="com.example.MainActivityFlakyTest"><failure><![CDATA[java.lang.AssertionError
	at org.junit.Assert.fail(Assert.java:87)
	at org.junit.Assert.assertTrue(Assert.java:42)
	at org.junit.Assert.assertTrue(Assert.java:53)
	at com.example.MainActivityFlakyTest.testTextFlaky1(MainActivityFlakyTest.kt:37)]]></failure></testcase><testcase name="testTextFlaky" time="3.369" classname="com.example.MainActivityFlakyTest"></testcase><testcase name="testText" time="2.198" classname="com.example.MainActivityAllureTest"></testcase><testcase name="testVmState" time="1.272" classname="com.example.GrpcActivityTest"><failure><![CDATA[java.lang.AssertionError: No access to emulator's gRPC port has been provided: host = null, port = null
	at com.malinskiy.adam.junit4.rule.EmulatorGrpcRule$apply$1.evaluate(EmulatorGrpcRule.kt:59)
	at org.junit.rules.ExternalResource$1.evaluate(ExternalResource.java:54)
	at org.junit.runners.ParentRunner$3.evaluate(ParentRunner.java:306)
	at org.junit.runners.BlockJUnit4ClassRunner$1.evaluate(BlockJUnit4ClassRunner.java:100)
	at org.junit.runners.ParentRunner.runLeaf(ParentRunner.java:366)
	at org.junit.runners.BlockJUnit4ClassRunner.runChild(BlockJUnit4ClassRunner.java:103)
	at org.junit.runners.BlockJUnit4ClassRunner.runChild(BlockJUnit4ClassRunner.java:63)
	at org.junit.runners.ParentRunner$4.run(ParentRunner.java:331)
	at org.junit.runners.ParentRunner$1.schedule(ParentRunner.java:79)
	at org.junit.runners.ParentRunner.runChildren(ParentRunner.java:329)
	at org.junit.runners.ParentRunner.access$100(ParentRunner.java:66)
	at org.junit.runners.ParentRunner$2.evaluate(ParentRunner.java:293)
	at org.junit.runners.ParentRunner$3.evaluate(ParentRunner.java:306)
	at org.junit.runners.ParentRunner.run(ParentRunner.java:413)
	at androidx.test.ext.junit.runners.AndroidJUnit4.run(AndroidJUnit4.java:162)
	at io.qameta.allure.android.runners.AllureAndroidJUnit4.run(AllureAndroidJUnitRunners.kt:29)
	at org.junit.runners.Suite.runChild(Suite.java:128)
	at org.junit.runners.Suite.runChild(Suite.java:27)
	at org.junit.runners.ParentRunner$4.run(ParentRunner.java:331)
	at org.junit.runners.ParentRunner$1.schedule(ParentRunner.java:79)
	at org.junit.runners.ParentRunner.runChildren(ParentRunner.java:329)
	at org.junit.runners.ParentRunner.access$100(ParentRunner.java:66)
	at org.junit.runners.ParentRunner$2.evaluate(ParentRunner.java:293)
	at org.junit.runners.ParentRunner$3.evaluate(ParentRunner.java:306)
	at org.junit.runners.ParentRunner.run(ParentRunner.java:413)
	at org.junit.runner.JUnitCore.run(JUnitCore.java:137)
	at org.junit.runner.JUnitCore.run(JUnitCore.java:115)
	at androidx.test.internal.runner.TestExecutor.execute(TestExecutor.java:67)
	at androidx.test.internal.runner.TestExecutor.execute(TestExecutor.java:58)
	at androidx.test.runner.AndroidJUnitRunner.onStart(AndroidJUnitRunner.java:446)
	at android.app.Instrumentation$InstrumentationThread.run(Instrumentation.java:2248)]]></failure></testcase><testcase name="testFailure" time="2.579" classname="com.example.MainActivityAllureTest"><failure><![CDATA[androidx.test.espresso.base.AssertionErrorHandler$AssertionFailedWithCauseError: 'an instance of android.widget.TextView and view.getText() with or without transformation to match: is "Cafebabe"' doesn't match the selected view.
Expected: an instance of android.widget.TextView and view.getText() with or without transformation to match: is "Cafebabe"
     Got: view.getText() was "Test"
View Details: EditText{id=2131230838, res-name=edittext, visibility=VISIBLE, width=1080, height=1934, has-focus=false, has-focusable=true, has-window-focus=true, is-clickable=true, is-enabled=true, is-focused=false, is-focusable=true, is-layout-requested=false, is-selected=false, layout-params=androidx.constraintlayout.widget.ConstraintLayout$LayoutParams@YYYYYY, tag=null, root-is-layout-requested=false, has-input-connection=true, editor-info=[inputType=0x20001 imeOptions=0x40000006 privateImeOptions=null actionLabel=null actionId=0 initialSelStart=0 initialSelEnd=0 initialCapsMode=0x0 hintText=null label=null packageName=null autofillId=null fieldId=0 fieldName=null extras=null hintLocales=null contentMimeTypes=null ], x=0.0, y=0.0, text=Test, input-type=131073, ime-target=false, has-links=false}
	at dalvik.system.VMStack.getThreadStackTrace(Native Method)
	at java.lang.Thread.getStackTrace(Thread.java:1841)
	at androidx.test.espresso.base.AssertionErrorHandler.handleSafely(AssertionErrorHandler.java:3)
	at androidx.test.espresso.base.AssertionErrorHandler.handleSafely(AssertionErrorHandler.java:1)
	at androidx.test.espresso.base.DefaultFailureHandler$TypedFailureHandler.handle(DefaultFailureHandler.java:4)
	at androidx.test.espresso.base.DefaultFailureHandler.handle(DefaultFailureHandler.java:5)
	at androidx.test.espresso.ViewInteraction.waitForAndHandleInteractionResults(ViewInteraction.java:5)
	at androidx.test.espresso.ViewInteraction.check(ViewInteraction.java:12)
	at io.github.kakaocup.kakao.delegate.ViewInteractionDelegate.check(ViewInteractionDelegate.kt:26)
	at io.github.kakaocup.kakao.text.TextViewAssertions$DefaultImpls.hasText(TextViewAssertions.kt:58)
	at io.github.kakaocup.kakao.edit.KEditText.hasText(KEditText.kt:18)
	at com.example.MainActivityAllureTest$testFailure$1$1$1.invoke(MainActivityAllureTest.kt:59)
	at com.example.MainActivityAllureTest$testFailure$1$1$1.invoke(MainActivityAllureTest.kt:58)
	at io.qameta.allure.kotlin.Allure.step(Allure.kt:60)
	at com.example.MainActivityAllureTest$testFailure$1$1.invoke(MainActivityAllureTest.kt:58)
	at com.example.MainActivityAllureTest$testFailure$1$1.invoke(MainActivityAllureTest.kt:57)
	at io.github.kakaocup.kakao.common.views.KDSLView.invoke(KDSLView.kt:12)
	at com.example.MainActivityAllureTest$testFailure$1.invoke(MainActivityAllureTest.kt:57)
	at com.example.MainActivityAllureTest$testFailure$1.invoke(MainActivityAllureTest.kt:56)
	at io.github.kakaocup.kakao.screen.Screen.invoke(Screen.kt:119)
	at com.example.MainActivityAllureTest.testFailure(MainActivityAllureTest.kt:56)
	... 37 trimmed
Caused by: junit.framework.AssertionFailedError: 'an instance of android.widget.TextView and view.getText() with or without transformation to match: is "Cafebabe"' doesn't match the selected view.
Expected: an instance of android.widget.TextView and view.getText() with or without transformation to match: is "Cafebabe"
     Got: view.getText() was "Test"
View Details: EditText{id=2131230838, res-name=edittext, visibility=VISIBLE, width=1080, height=1934, has-focus=false, has-focusable=true, has-window-focus=true, is-clickable=true, is-enabled=true, is-focused=false, is-focusable=true, is-layout-requested=false, is-selected=false, layout-params=androidx.constraintlayout.widget.ConstraintLayout$LayoutParams@YYYYYY, tag=null, root-is-layout-requested=false, has-input-connection=true, editor-info=[inputType=0x20001 imeOptions=0x40000006 privateImeOptions=null actionLabel=null actionId=0 initialSelStart=0 initialSelEnd=0 initialCapsMode=0x0 hintText=null label=null packageName=null autofillId=null fieldId=0 fieldName=null extras=null hintLocales=null contentMimeTypes=null ], x=0.0, y=0.0, text=Test, input-type=131073, ime-target=false, has-links=false}
	at androidx.test.espresso.matcher.ViewMatchers.assertThat(ViewMatchers.java:16)
	at androidx.test.espresso.assertion.ViewAssertions$MatchesViewAssertion.check(ViewAssertions.java:7)
	at androidx.test.espresso.ViewInteraction$SingleExecutionViewAssertion.check(ViewInteraction.java:2)
	at androidx.test.espresso.ViewInteraction$2.call(ViewInteraction.java:14)
	at androidx.test.espresso.ViewInteraction$2.call(ViewInteraction.java:1)
	at java.util.concurrent.FutureTask.run(FutureTask.java:264)
	at android.os.Handler.handleCallback(Handler.java:942)
	at android.os.Handler.dispatchMessage(Handler.java:99)
	at android.os.Looper.loopOnce(Looper.java:201)
	at android.os.Looper.loop(Looper.java:288)
	at android.app.ActivityThread.main(ActivityThread.java:7872)
	at java.lang.reflect.Method.invoke(Native Method)
	at com.android.internal.os.RuntimeInit$MethodAndArgsCaller.run(RuntimeInit.java:548)
	at com.android.internal.os.ZygoteInit.main(ZygoteInit.java:936)]]></failure></testcase><testcase name="testExternalFolderPresent" time="1.372" classname="com.example.FilePushTest"><failure><![CDATA[java.io.FileNotFoundException: /data/local/tmp/external-folder/external-file-2: open failed: ENOENT (No such file or directory)
	at libcore.io.IoBridge.open(IoBridge.java:575)
	at java.io.FileInputStream.<init>(FileInputStream.java:160)
	at kotlin.io.FilesKt__FileReadWriteKt.readText(FileReadWrite.kt:125)
	at kotlin.io.FilesKt__FileReadWriteKt.readText$default(FileReadWrite.kt:125)
	at com.example.FilePushTest.testExternalFolderPresent(FilePushTest.kt:22)
	... 32 trimmed
Caused by: android.system.ErrnoException: open failed: ENOENT (No such file or directory)
	at libcore.io.Linux.open(Native Method)
	at libcore.io.ForwardingOs.open(ForwardingOs.java:567)
	at libcore.io.BlockGuardOs.open(BlockGuardOs.java:273)
	at libcore.io.ForwardingOs.open(ForwardingOs.java:567)
	at android.app.ActivityThread$AndroidOs.open(ActivityThread.java:7725)
	at libcore.io.IoBridge.open(IoBridge.java:561)
	... 37 more]]></failure></testcase><testcase name="ignoreTest" time="0.716" classname="com.example.FailedAssumptionTest"><skipped></skipped></testcase><testcase name="failedAssumptionTest" time="0.788" classname="com.example.FailedAssumptionTest"><skipped><![CDATA[org.junit.AssumptionViolatedException: got: <false>, expected: is <true>
	at org.junit.Assume.assumeThat(Assume.java:106)
	at org.junit.Assume.assumeTrue(Assume.java:50)
	at com.example.FailedAssumptionTest.failedAssumptionTest(FailedAssumptionTest.kt:19)
	at java.lang.reflect.Method.invoke(Native Method)
	at org.junit.runners.model.FrameworkMethod$1.runReflectiveCall(FrameworkMethod.java:59)
	at org.junit.internal.runners.model.ReflectiveCallable.run(ReflectiveCallable.java:12)
	at org.junit.runners.model.FrameworkMethod.invokeExplosively(FrameworkMethod.java:56)
	at org.junit.internal.runners.statements.InvokeMethod.evaluate(InvokeMethod.java:17)
	at org.junit.runners.ParentRunner$3.evaluate(ParentRunner.java:306)
	at org.junit.runners.BlockJUnit4ClassRunner$1.evaluate(BlockJUnit4ClassRunner.java:100)
	at org.junit.runners.ParentRunner.runLeaf(ParentRunner.java:366)
	at org.junit.runners.BlockJUnit4ClassRunner.runChild(BlockJUnit4ClassRunner.java:103)
	at org.junit.runners.BlockJUnit4ClassRunner.runChild(BlockJUnit4ClassRunner.java:63)
	at org.junit.runners.ParentRunner$4.run(ParentRunner.java:331)
	at org.junit.runners.ParentRunner$1.schedule(ParentRunner.java:79)
	at org.junit.runners.ParentRunner.runChildren(ParentRunner.java:329)
	at org.junit.runners.ParentRunner.access$100(ParentRunner.java:66)
	at org.junit.runners.ParentRunner$2.evaluate(ParentRunner.java:293)
	at org.junit.runners.ParentRunner$3.evaluate(ParentRunner.java:306)
	at org.junit.runners.ParentRunner.run(ParentRunner.java:413)
	at androidx.test.ext.junit.runners.AndroidJUnit4.run(AndroidJUnit4.java:162)
	at io.qameta.allure.android.runners.AllureAndroidJUnit4.run(AllureAndroidJUnitRunners.kt:29)
	at org.junit.runners.Suite.runChild(Suite.java:128)
	at org.junit.runners.Suite.runChild(Suite.java:27)
	at org.junit.runners.ParentRunner$4.run(ParentRunner.java:331)
	at org.junit.runners.ParentRunner$1.schedule(ParentRunner.java:79)
	at org.junit.runners.ParentRunner.runChildren(ParentRunner.java:329)
	at org.junit.runners.ParentRunner.access$100(ParentRunner.java:66)
	at org.junit.runners.ParentRunner$2.evaluate(ParentRunner.java:293)
	at org.junit.runners.ParentRunner$3.evaluate(ParentRunner.java:306)
	at org.junit.runners.ParentRunner.run(ParentRunner.java:413)
	at org.junit.runner.JUnitCore.run(JUnitCore.java:137)
	at org.junit.runner.JUnitCore.run(JUnitCore.java:115)
	at androidx.test.internal.runner.TestExecutor.execute(TestExecutor.java:67)
	at androidx.test.internal.runner.TestExecutor.execute(TestExecutor.java:58)
	at androidx.test.runner.AndroidJUnitRunner.onStart(AndroidJUnitRunner.java:446)
	at android.app.Instrumentation$InstrumentationThread.run(Instrumentation.java:2248)]]></skipped></testcase><testcase name="testExternalFilePresent" time="1.212" classname="com.example.FilePushTest"></testcase><testcase name="testVmState" time="0.801" classname="com.example.ConsoleActivityTest"><failure><![CDATA[java.lang.AssertionError: No access to console port: host = null, port = null, token = 
	at com.malinskiy.adam.junit4.android.rule.EmulatorConsoleRule$apply$1.evaluate(EmulatorConsoleRule.kt:58)
	at org.junit.runners.ParentRunner$3.evaluate(ParentRunner.java:306)
	at org.junit.runners.BlockJUnit4ClassRunner$1.evaluate(BlockJUnit4ClassRunner.java:100)
	at org.junit.runners.ParentRunner.runLeaf(ParentRunner.java:366)
	at org.junit.runners.BlockJUnit4ClassRunner.runChild(BlockJUnit4ClassRunner.java:103)
	at org.junit.runners.BlockJUnit4ClassRunner.runChild(BlockJUnit4ClassRunner.java:63)
	at org.junit.runners.ParentRunner$4.run(ParentRunner.java:331)
	at org.junit.runners.ParentRunner$1.schedule(ParentRunner.java:79)
	at org.junit.runners.ParentRunner.runChildren(ParentRunner.java:329)
	at org.junit.runners.ParentRunner.access$100(ParentRunner.java:66)
	at org.junit.runners.ParentRunner$2.evaluate(ParentRunner.java:293)
	at org.junit.runners.ParentRunner$3.evaluate(ParentRunner.java:306)
	at org.junit.runners.ParentRunner.run(ParentRunner.java:413)
	at androidx.test.ext.junit.runners.AndroidJUnit4.run(AndroidJUnit4.java:162)
	at io.qameta.allure.android.runners.AllureAndroidJUnit4.run(AllureAndroidJUnitRunners.kt:29)
	at org.junit.runners.Suite.runChild(Suite.java:128)
	at org.junit.runners.Suite.runChild(Suite.java:27)
	at org.junit.runners.ParentRunner$4.run(ParentRunner.java:331)
	at org.junit.runners.ParentRunner$1.schedule(ParentRunner.java:79)
	at org.junit.runners.ParentRunner.runChildren(ParentRunner.java:329)
	at org.junit.runners.ParentRunner.access$100(ParentRunner.java:66)
	at org.junit.runners.ParentRunner$2.evaluate(ParentRunner.java:293)
	at org.junit.runners.ParentRunner$3.evaluate(ParentRunner.java:306)
	at org.junit.runners.ParentRunner.run(ParentRunner.java:413)
	at org.junit.runner.JUnitCore.run(JUnitCore.java:137)
	at org.junit.runner.JUnitCore.run(JUnitCore.java:115)
	at androidx.test.internal.runner.TestExecutor.execute(TestExecutor.java:67)
	at androidx.test.internal.runner.TestExecutor.execute(TestExecutor.java:58)
	at androidx.test.runner.AndroidJUnitRunner.onStart(AndroidJUnitRunner.java:446)
	at android.app.Instrumentation$InstrumentationThread.run(Instrumentation.java:2361)]]></failure></testcase><testcase name="testAlwaysIgnored" time="0.82" classname="com.example.ClassIgnoredTest"><skipped></skipped></testcase><testcase name="testWithAVeryLongNameThatExceeds255CharactersqwertyuiopasdfghjklzxcvbnmQWERTYUIOPASDFGHJKLZXCVBNMqwertyuiopasdfghjklzxcvbnmQWERTYUIOPASDFGHJKLZXCVBNMqwertyuiopasdfghjklzxcvbnmQWERTYUIOPASDFGHJKLZXCVBNMqwertyuiopasdfghjklzxcvbnmQWERTYUIOPASDFGHJKLZXCVBNMqwertyuiopasdfghjklzxcvbnmQWERTYUIOPASDFGHJKLZXCVBNM" time="2.557" classname="com.example.EdgeCaseTest"></testcase><testcase name="testVmState" time="1.1" classname="com.example.AdbActivityTest"><failure><![CDATA[java.lang.AssertionError: No access to adb port or device serial has been provided
	at com.malinskiy.adam.junit4.rule.AdbRule$apply$1.evaluate(AdbRule.kt:64)
	at org.junit.rules.ExternalResource$1.evaluate(ExternalResource.java:54)
	at org.junit.runners.ParentRunner$3.evaluate(ParentRunner.java:306)
	at org.junit.runners.BlockJUnit4ClassRunner$1.evaluate(BlockJUnit4ClassRunner.java:100)
	at org.junit.runners.ParentRunner.runLeaf(ParentRunner.java:366)
	at org.junit.runners.BlockJUnit4ClassRunner.runChild(BlockJUnit4ClassRunner.java:103)
	at org.junit.runners.BlockJUnit4ClassRunner.runChild(BlockJUnit4ClassRunner.java:63)
	at org.junit.runners.ParentRunner$4.run(ParentRunner.java:331)
	at org.junit.runners.ParentRunner$1.schedule(ParentRunner.java:79)
	at org.junit.runners.ParentRunner.runChildren(ParentRunner.java:329)
	at org.junit.runners.ParentRunner.access$100(ParentRunner.java:66)
	at org.junit.runners.ParentRunner$2.evaluate(ParentRunner.java:293)
	at org.junit.runners.ParentRunner$3.evaluate(ParentRunner.java:306)
	at org.junit.runners.ParentRunner.run(ParentRunner.java:413)
	at androidx.test.ext.junit.runners.AndroidJUnit4.run(AndroidJUnit4.java:162)
	at io.qameta.allure.android.runners.AllureAndroidJUnit4.run(AllureAndroidJUnitRunners.kt:29)
	at org.junit.runners.Suite.runChild(Suite.java:128)
	at org.junit.runners.Suite.runChild(Suite.java:27)
	at org.junit.runners.ParentRunner$4.run(ParentRunner.java:331)
	at org.junit.runners.ParentRunner$1.schedule(ParentRunner.java:79)
	at org.junit.runners.ParentRunner.runChildren(ParentRunner.java:329)
	at org.junit.runners.ParentRunner.access$100(ParentRunner.java:66)
	at org.junit.runners.ParentRunner$2.evaluate(ParentRunner.java:293)
	at org.junit.runners.ParentRunner$3.evaluate(ParentRunner.java:306)
	at org.junit.runners.ParentRunner.run(ParentRunner.java:413)
	at org.junit.runner.JUnitCore.run(JUnitCore.java:137)
	at org.junit.runner.JUnitCore.run(JUnitCore.java:115)
	at androidx.test.internal.runner.TestExecutor.execute(TestExecutor.java:67)
	at androidx.test.internal.runner.TestExecutor.execute(TestExecutor.java:58)
	at androidx.test.runner.AndroidJUnitRunner.onStart(AndroidJUnitRunner.java:446)
	at android.app.Instrumentation$InstrumentationThread.run(Instrumentation.java:2248)]]></failure></testcase><testcase name="testThatWillNotSeeTheLightOfDay" time="0.001" classname="com.example.BeforeTestFailureTest"><failure></failure></testcase></testsuite>
