<?xml version="1.0" encoding="UTF-8"?><testsuite xsi:noNamespaceSchemaLocation="https://raw.githubusercontent.com/jenkinsci/xunit-plugin/ae25da5089d4f94ac6c4669bf736e4d416cc4665/src/main/resources/org/jenkinsci/plugins/xunit/types/model/xsd/junit-10.xsd" xmlns:xsi="http://www.w3.org/2001/XMLSchema-instance" name="omni" tests="22" failures="9" errors="0" time="198.811" skipped="0" timestamp="2023-03-31T10:20:02"><testcase name="testPresentModal" time="6.895" classname="sample_appUITests.MoreTests"><flakyFailure type="rerun exception"></flakyFailure></testcase><testcase name="testButton" time="6.939" classname="sample_appUITests.StoryboardTests"><flakyFailure type="rerun exception"></flakyFailure></testcase><testcase name="testDisabledButton" time="6.32" classname="sample_appUITests.StoryboardTests"><flakyFailure type="rerun exception"></flakyFailure></testcase><testcase name="testButton" time="6.167" classname="sample_appUITests.ScreenshotTests"><flakyFailure type="rerun exception"></flakyFailure></testcase><testcase name="testTextFlaky4" time="3.185" classname="sample_appUITests.FlakyTests"><flakyFailure type="rerun exception"><stackTrace><![CDATA[/Users/malinskiy/Development/marathon/sample/ios-app/sample-appUITests/FlakyTests.swift:53:XCTAssertTrue failed]]></stackTrace></flakyFailure></testcase><testcase name="testTextFlaky3" time="4.049" classname="sample_appUITests.FlakyTests"><flakyFailure type="rerun exception"><stackTrace><![CDATA[/Users/malinskiy/Development/marathon/sample/ios-app/sample-appUITests/FlakyTests.swift:48:XCTAssertTrue failed]]></stackTrace></flakyFailure></testcase><testcase name="testTextFlaky2" time="5.803" classname="sample_appUITests.FlakyTests"><flakyFailure type="rerun exception"><stackTrace><![CDATA[/Users/malinskiy/Development/marathon/sample/ios-app/sample-appUITests/FlakyTests.swift:43:XCTAssertTrue failed]]></stackTrace></flakyFailure></testcase><testcase name="testTextFlaky1" time="3.894" classname="sample_appUITests.FlakyTests"><flakyFailure type="rerun exception"><stackTrace><![CDATA[/Users/malinskiy/Development/marathon/sample/ios-app/sample-appUITests/FlakyTests.swift:38:XCTAssertTrue failed]]></stackTrace></flakyFailure></testcase><testcase name="testTextFlaky" time="4.055" classname="sample_appUITests.FlakyTests"><flakyFailure type="rerun exception"><stackTrace><![CDATA[/Users/malinskiy/Development/marathon/sample/ios-app/sample-appUITests/FlakyTests.swift:33:XCTAssertTrue failed]]></stackTrace></flakyFailure><flakyFailure type="rerun exception"></flakyFailure></testcase><testcase name="testTextSlow3" time="12.296" classname="sample_appUITests.SlowTests"><failure><![CDATA[/Users/malinskiy/Development/marathon/sample/ios-app/sample-appUITests/SlowTests.swift:80:XCTAssertEqual failed: ("First Button") is not equal to ("Label")]]></failure><rerunFailure type="rerun exception"><stackTrace><![CDATA[/Users/malinskiy/Development/marathon/sample/ios-app/sample-appUITests/SlowTests.swift:80:XCTAssertEqual failed: ("First Button") is not equal to ("Label")]]></stackTrace></rerunFailure><rerunFailure type="rerun exception"><stackTrace><![CDATA[/Users/malinskiy/Development/marathon/sample/ios-app/sample-appUITests/SlowTests.swift:80:XCTAssertEqual failed: ("First Button") is not equal to ("Label")]]></stackTrace></rerunFailure></testcase><testcase name="testTextSlow4" time="12.505" classname="sample_appUITests.SlowTests"><failure><![CDATA[/Users/malinskiy/Development/marathon/sample/ios-app/sample-appUITests/SlowTests.swift:91:XCTAssertEqual failed: ("First Button") is not equal to ("Label")]]></failure><rerunFailure type="rerun exception"><stackTrace><![CDATA[/Users/malinskiy/Development/marathon/sample/ios-app/sample-appUITests/SlowTests.swift:91:XCTAssertEqual failed: ("First Button") is not equal to ("Label")]]></stackTrace></rerunFailure><rerunFailure type="rerun exception"><stackTrace><![CDATA[/Users/malinskiy/Development/marathon/sample/ios-app/sample-appUITests/SlowTests.swift:91:XCTAssertEqual failed: ("First Button") is not equal to ("Label")]]></stackTrace></rerunFailure></testcase><testcase name="testTextSlow2" time="11.183" classname="sample_appUITests.SlowTests"><failure><![CDATA[/Users/malinskiy/Development/marathon/sample/ios-app/sample-appUITests/SlowTests.swift:69:XCTAssertEqual failed: ("First Button") is not equal to ("Label")]]></failure><rerunFailure type="rerun exception"><stackTrace><![CDATA[/Users/malinskiy/Development/marathon/sample/ios-app/sample-appUITests/SlowTests.swift:69:XCTAssertEqual failed: ("First Button") is not equal to ("Label")]]></stackTrace></rerunFailure><rerunFailure type="rerun exception"><stackTrace><![CDATA[/Users/malinskiy/Development/marathon/sample/ios-app/sample-appUITests/SlowTests.swift:69:XCTAssertEqual failed: ("First Button") is not equal to ("Label")]]></stackTrace></rerunFailure></testcase><testcase name="testDismissModal" time="4.823" classname="sample_appUITests.MoreTests"><failure><![CDATA[/Users/malinskiy/Development/marathon/sample/ios-app/sample-appUITests/MoreTests.swift:50:XCTAssertEqual failed: ("First Button") is not equal to ("Label")]]></failure><rerunFailure type="rerun exception"><stackTrace><![CDATA[/Users/malinskiy/Development/marathon/sample/ios-app/sample-appUITests/MoreTests.swift:50:XCTAssertEqual failed: ("First Button") is not equal to ("Label")]]></stackTrace></rerunFailure><rerunFailure type="rerun exception"><stackTrace><![CDATA[/Users/malinskiy/Development/marathon/sample/ios-app/sample-appUITests/MoreTests.swift:50:XCTAssertEqual failed: ("First Button") is not equal to ("Label")]]></stackTrace></rerunFailure></testcase><testcase name="testTextSlow" time="12.831" classname="sample_appUITests.SlowTests"><failure><![CDATA[/Users/malinskiy/Development/marathon/sample/ios-app/sample-appUITests/SlowTests.swift:47:XCTAssertEqual failed: ("First Button") is not equal to ("Label")]]></failure><rerunFailure type="rerun exception"><stackTrace><![CDATA[/Users/malinskiy/Development/marathon/sample/ios-app/sample-appUITests/SlowTests.swift:47:XCTAssertEqual failed: ("First Button") is not equal to ("Label")]]></stackTrace></rerunFailure><rerunFailure type="rerun exception"><stackTrace><![CDATA[/Users/malinskiy/Development/marathon/sample/ios-app/sample-appUITests/SlowTests.swift:47:XCTAssertEqual failed: ("First Button") is not equal to ("Label")]]></stackTrace></rerunFailure></testcase><testcase name="testTextSlow1" time="13.591" classname="sample_appUITests.SlowTests"><failure><![CDATA[/Users/malinskiy/Development/marathon/sample/ios-app/sample-appUITests/SlowTests.swift:58:XCTAssertEqual failed: ("First Button") is not equal to ("Label")]]></failure><rerunFailure type="rerun exception"><stackTrace><![CDATA[/Users/malinskiy/Development/marathon/sample/ios-app/sample-appUITests/SlowTests.swift:58:XCTAssertEqual failed: ("First Button") is not equal to ("Label")]]></stackTrace></rerunFailure><rerunFailure type="rerun exception"><stackTrace><![CDATA[/Users/malinskiy/Development/marathon/sample/ios-app/sample-appUITests/SlowTests.swift:58:XCTAssertEqual failed: ("First Button") is not equal to ("Label")]]></stackTrace></rerunFailure></testcase><testcase name="testLabel" time="6.573" classname="sample_appUITests.StoryboardTests"><failure><![CDATA[/Users/malinskiy/Development/marathon/sample/ios-app/sample-appUITests/StoryboardTests.swift:54:XCTAssertEqual failed: ("First Button") is not equal to ("Label")]]></failure><rerunFailure type="rerun exception"><stackTrace><![CDATA[/Users/malinskiy/Development/marathon/sample/ios-app/sample-appUITests/StoryboardTests.swift:54:XCTAssertEqual failed: ("First Button") is not equal to ("Label")]]></stackTrace></rerunFailure><rerunFailure type="rerun exception"><stackTrace><![CDATA[/Users/malinskiy/Development/marathon/sample/ios-app/sample-appUITests/StoryboardTests.swift:54:XCTAssertEqual failed: ("First Button") is not equal to ("Label")]]></stackTrace></rerunFailure></testcase><testcase name="testAlwaysFailing" time="5.667" classname="sample_appUITests.FailingTests"><failure><![CDATA[/Users/malinskiy/Development/marathon/sample/ios-app/sample-appUITests/FailingTests.swift:31:XCTAssertTrue failed]]></failure><rerunFailure type="rerun exception"><stackTrace><![CDATA[/Users/malinskiy/Development/marathon/sample/ios-app/sample-appUITests/FailingTests.swift:31:XCTAssertTrue failed]]></stackTrace></rerunFailure><rerunFailure type="rerun exception"><stackTrace><![CDATA[/Users/malinskiy/Development/marathon/sample/ios-app/sample-appUITests/FailingTests.swift:31:XCTAssertTrue failed]]></stackTrace></rerunFailure></testcase><testcase name="testTextFlaky8" time="3.293" classname="sample_appUITests.FlakyTests"><flakyFailure type="rerun exception"><stackTrace><![CDATA[/Users/malinskiy/Development/marathon/sample/ios-app/sample-appUITests/FlakyTests.swift:73:XCTAssertTrue failed]]></stackTrace></flakyFailure><flakyFailure type="rerun exception"><stackTrace><![CDATA[/Users/malinskiy/Development/marathon/sample/ios-app/sample-appUITests/FlakyTests.swift:73:XCTAssertTrue failed]]></stackTrace></flakyFailure></testcase><testcase name="testTextFlaky7" time="3.198" classname="sample_appUITests.FlakyTests"><flakyFailure type="rerun exception"><stackTrace><![CDATA[/Users/malinskiy/Development/marathon/sample/ios-app/sample-appUITests/FlakyTests.swift:68:XCTAssertTrue failed]]></stackTrace></flakyFailure><flakyFailure type="rerun exception"><stackTrace><![CDATA[/Users/malinskiy/Development/marathon/sample/ios-app/sample-appUITests/FlakyTests.swift:68:XCTAssertTrue failed]]></stackTrace></flakyFailure></testcase><testcase name="testTextFlaky6" time="3.288" classname="sample_appUITests.FlakyTests"><flakyFailure type="rerun exception"><stackTrace><![CDATA[/Users/malinskiy/Development/marathon/sample/ios-app/sample-appUITests/FlakyTests.swift:63:XCTAssertTrue failed]]></stackTrace></flakyFailure><flakyFailure type="rerun exception"><stackTrace><![CDATA[/Users/malinskiy/Development/marathon/sample/ios-app/sample-appUITests/FlakyTests.swift:63:XCTAssertTrue failed]]></stackTrace></flakyFailure></testcase><testcase name="testTextFlaky5" time="3.095" classname="sample_appUITests.FlakyTests"><flakyFailure type="rerun exception"><stackTrace><![CDATA[/Users/malinskiy/Development/marathon/sample/ios-app/sample-appUITests/FlakyTests.swift:58:XCTAssertTrue failed]]></stackTrace></flakyFailure><flakyFailure type="rerun exception"><stackTrace><![CDATA[/Users/malinskiy/Development/marathon/sample/ios-app/sample-appUITests/FlakyTests.swift:58:XCTAssertTrue failed]]></stackTrace></flakyFailure></testcase><testcase name="testButton" time="59.161" classname="sample_appUITests.CrashingTests"><failure><![CDATA[/Users/malinskiy/Development/marathon/sample/ios-app/sample-appUITests/CrashingTests.swift:37:XCTAssertTrue failed]]></failure><rerunFailure type="rerun exception"><stackTrace><![CDATA[/Users/malinskiy/Development/marathon/sample/ios-app/sample-appUITests/CrashingTests.swift:37:XCTAssertTrue failed]]></stackTrace></rerunFailure><rerunFailure type="rerun exception"><stackTrace><![CDATA[/Users/malinskiy/Development/marathon/sample/ios-app/sample-appUITests/CrashingTests.swift:37:XCTAssertTrue failed]]></stackTrace></rerunFailure></testcase></testsuite>